<?xml version="1.0" encoding="UTF-8"?>
<!-- Generated by org.testng.reporters.JUnitReportReporter -->
<testsuite hostname="LAPTOP-MRVI2C8P" name="homew2.HW2" tests="1" failures="0" timestamp="2 Feb 2023 06:33:45 GMT" time="2.865" errors="0">
  <testcase name="testLocator" time="2.865" classname="homew2.HW2"/>
</testsuite> <!-- homew2.HW2 -->
